Windows XP/2003 64-bit AMD Install
------------------------------------------------------------------------------------
Checking for existing PDF printer
------------------------------------------------------------------------------------
Copying acfpdfamd64.dll file
------------------------------------------------------------------------------------
Copying acfpdfamd64ui.dll file
------------------------------------------------------------------------------------
Copying acfpdf.txt file
------------------------------------------------------------------------------------
Copying cdintf.dll file
------------------------------------------------------------------------------------
Installing Amyuni PDF printer driver
------------------------------------------------------------------------------------
Installing Amyuni PDF printer
------------------------------------------------------------------------------------
Installing Licensing Information
------------------------------------------------------------------------------------
Printer setup succeeded
------------------------------------------------------------------------------------
Launch 'Install -u' to uninstall
------------------------------------------------------------------------------------
